<?xml version="1.0" encoding="UTF-8"?>
<!-- Generated by org.testng.reporters.JUnitReportReporter -->
<testsuite hostname="LAPTOP-02O5LAUF" failures="0" tests="1" name="com.test.testng.orangeHrm.DataProviders" time="0.012" errors="0" timestamp="2022-02-09T19:25:29 IST" skipped="0">
  <testcase classname="com.test.testng.orangeHrm.DataProviders" name="displayData" time="0.012"/>
  <system-out/>
</testsuite> <!-- com.test.testng.orangeHrm.DataProviders -->
