<?xml version="1.0" encoding="UTF-8"?>
<!-- Generated by org.testng.reporters.JUnitReportReporter -->
<testsuite hostname="LAPTOP-02O5LAUF" failures="0" tests="1" name="com.test.testng.orangeHrm.HomepageTest" time="27.695" errors="0" timestamp="2022-06-24T15:47:58 IST" skipped="0">
  <testcase classname="com.test.testng.orangeHrm.HomepageTest" name="VerifyAssignLeaveTest" time="27.695"/>
  <system-out/>
</testsuite> <!-- com.test.testng.orangeHrm.HomepageTest -->
