<?xml version="1.0" encoding="UTF-8"?>
<!-- Generated by org.testng.reporters.JUnitReportReporter -->
<testsuite hostname="LAPTOP-02O5LAUF" failures="0" tests="3" name="com.test.TestNGLearnings.TestParameterization" time="0.008" errors="0" timestamp="2022-06-23T17:42:17 IST" skipped="0">
  <testcase classname="com.test.TestNGLearnings.TestParameterization" name="doLogin" time="0.001"/>
  <system-out/>
  <testcase classname="com.test.TestNGLearnings.TestParameterization" name="doLogin" time="0.006"/>
  <system-out/>
  <testcase classname="com.test.TestNGLearnings.TestParameterization" name="doLogin" time="0.001"/>
  <system-out/>
</testsuite> <!-- com.test.TestNGLearnings.TestParameterization -->
