<?xml version="1.0" encoding="UTF-8"?>
<!-- Generated by org.testng.reporters.JUnitReportReporter -->
<testsuite hostname="LAPTOP-02O5LAUF" failures="0" tests="3" name="com.test.TestNGLearnings.TestcaseOne" time="0.011" errors="0" timestamp="2021-10-04T09:08:18 IST" skipped="0">
  <testcase classname="com.test.TestNGLearnings.TestcaseOne" name="pageTitle" time="0.006"/>
  <system-out/>
  <testcase classname="com.test.TestNGLearnings.TestcaseOne" name="coutLinksInPortal" time="0.001"/>
  <system-out/>
  <testcase classname="com.test.TestNGLearnings.TestcaseOne" name="VerifyButton" time="0.004"/>
  <system-out/>
</testsuite> <!-- com.test.TestNGLearnings.TestcaseOne -->
