<?xml version="1.0" encoding="UTF-8"?>
<!-- Generated by org.testng.reporters.JUnitReportReporter -->
<testsuite hostname="LAPTOP-02O5LAUF" failures="0" tests="2" name="com.test.TestNGLearnings.ParameterizationExcel" time="0.009" errors="0" timestamp="2022-06-24T13:45:45 IST" skipped="0">
  <testcase classname="com.test.TestNGLearnings.ParameterizationExcel" name="testData" time="0.002"/>
  <system-out/>
  <testcase classname="com.test.TestNGLearnings.ParameterizationExcel" name="testData" time="0.007"/>
  <system-out/>
</testsuite> <!-- com.test.TestNGLearnings.ParameterizationExcel -->
