<?xml version="1.0" encoding="UTF-8"?>
<!-- Generated by org.testng.reporters.JUnitReportReporter -->
<testsuite hostname="LAPTOP-02O5LAUF" failures="0" tests="1" name="com.qa.OR.tests.LoginTest" time="0.633" errors="0" timestamp="2021-09-19T14:16:41 IST" skipped="0">
  <testcase classname="com.qa.OR.tests.LoginTest" name="verifyLogin" time="0.633"/>
  <system-out/>
</testsuite> <!-- com.qa.OR.tests.LoginTest -->
